This is TeX, Version 3.14159 (Web2C 7.3.1) (format=latex 2006.2.21)  21 AUG 2007 13:50
**sundialsTB
(sundialsTB.tex
LaTeX2e <2001/06/01>
Babel <v3.7h> and hyphenation patterns for american, french, german, ngerman, i
talian, nohyphenation, loaded.
(front.tex (/usr/share/texmf/tex/latex/base/article.cls
Document Class: article 2001/04/21 v1.4e Standard LaTeX document class
(/usr/share/texmf/tex/latex/base/size10.clo
File: size10.clo 2001/04/21 v1.4e Standard LaTeX file (size option)
)
\c@part=\count79
\c@section=\count80
\c@subsection=\count81
\c@subsubsection=\count82
\c@paragraph=\count83
\c@subparagraph=\count84
\c@figure=\count85
\c@table=\count86
\abovecaptionskip=\skip41
\belowcaptionskip=\skip42
\bibindent=\dimen102
) (m2tex.tex
(/usr/share/texmf/tex/latex/base/alltt.sty
Package: alltt 1997/06/16 v2.0g defines alltt environment
)
(/usr/share/texmf/tex/latex/graphics/color.sty
Package: color 1999/02/16 v1.0i Standard LaTeX Color (DPC)

(/usr/share/texmf/tex/latex/config/color.cfg)
Package color Info: Driver file: dvips.def on input line 125.

(/usr/share/texmf/tex/latex/graphics/dvips.def
File: dvips.def 1999/02/16 v3.0i Driver-dependant file (DPC,SPQR)
)
(/usr/share/texmf/tex/latex/graphics/dvipsnam.def
File: dvipsnam.def 1999/02/16 v3.0i Driver-dependant file (DPC,SPQR)
))
(/home/radu/tex/listings/listings.sty
(/usr/share/texmf/tex/latex/graphics/keyval.sty
Package: keyval 1999/03/16 v1.13 key=value parser (DPC)
\KV@toks@=\toks14
)
\lst@mode=\count87
\lst@gtempboxa=\box26
\lst@token=\toks15
\lst@length=\count88
\lst@currlwidth=\dimen103
\lst@column=\count89
\lst@pos=\count90
\lst@lostspace=\dimen104
\lst@width=\dimen105
\lst@newlines=\count91
\lst@lineno=\count92
\c@lstlisting=\count93
\lst@maxwidth=\dimen106

(/home/radu/tex/listings/lstpatch.sty
File: lstpatch.sty 2004/10/17 1.3b (Carsten Heinz)
) (/home/radu/tex/listings/lstmisc.sty
File: lstmisc.sty 2004/09/07 1.3 (Carsten Heinz)
\c@lstnumber=\count94
\lst@skipnumbers=\count95
\lst@framebox=\box27
)
(/home/radu/tex/listings/listings.cfg
File: listings.cfg 2004/09/05 1.3 listings configuration
))
Package: listings 2004/10/17 1.3b (Carsten Heinz)
 (/home/radu/tex/SemDemo/lstlang0.sty)
(/home/radu/tex/listings/lstlang1.sty
File: lstlang1.sty 2004/09/05 1.3 listings language file
))
(/usr/share/texmf/tex/latex/tools/calc.sty
Package: calc 1998/07/07 v4.1b Infix arithmetic (KKT,FJ)
\calc@Acount=\count96
\calc@Bcount=\count97
\calc@Adimen=\dimen107
\calc@Bdimen=\dimen108
\calc@Askip=\skip43
\calc@Bskip=\skip44
LaTeX Info: Redefining \setlength on input line 59.
LaTeX Info: Redefining \addtolength on input line 60.
\calc@denominator=\count98
)
(/home/radu/tex/LLNLcover/chngpage.sty
Package: chngpage 2001/02/24 v1.1c change page layout
\c@cp@cnt=\count99
\c@cp@tempcnt=\count100
)
(/usr/share/texmf/tex/latex/misc/tocbibind.sty
Package: tocbibind 1999/09/12 v1.3a extra ToC listings

(/usr/share/texmf/tex/latex/misc/stdclsdv.sty
Package: stdclsdv 1999/01/18 v1.0 Sectional divisions
)

Package tocbibind Note: Using section or other style headings.

) (/usr/share/texmf/tex/latex/misc/rotating.sty
Package: rotating 1997/09/26, v2.13 Rotation package

(/usr/share/texmf/tex/latex/graphics/graphicx.sty
Package: graphicx 1999/02/16 v1.0f Enhanced LaTeX Graphics (DPC,SPQR)

(/usr/share/texmf/tex/latex/graphics/graphics.sty
Package: graphics 2001/07/07 v1.0n Standard LaTeX Graphics (DPC,SPQR)

(/usr/share/texmf/tex/latex/graphics/trig.sty
Package: trig 1999/03/16 v1.09 sin cos tan (DPC)
)
(/usr/share/texmf/tex/latex/config/graphics.cfg)
Package graphics Info: Driver file: dvips.def on input line 80.
)
\Gin@req@height=\dimen109
\Gin@req@width=\dimen110
)
(/usr/share/texmf/tex/latex/base/ifthen.sty
Package: ifthen 2001/05/26 v1.1c Standard LaTeX ifthen package (DPC)
)
\c@r@tfl@t=\count101
\rot@float@box=\box28
)
(/usr/share/texmf/tex/latex/multirow/multirow.sty
\bigstrutjot=\dimen111
)
(/usr/share/texmf/tex/latex/misc/tabls.sty
\tablinesep=\dimen112
\arraylinesep=\dimen113
\extrarulesep=\dimen114
\@arstdepth=\dimen115
\@arstheight=\dimen116
\@skip@bove=\dimen117
)
(/usr/share/texmf/tex/latex/graphics/epsfig.sty
Package: epsfig 1999/02/16 v1.7a (e)psfig emulation (SPQR)
\epsfxsize=\dimen118
\epsfysize=\dimen119
)
(/usr/share/texmf/tex/latex/base/makeidx.sty
Package: makeidx 2000/03/29 v1.0m Standard LaTeX package
)
(/usr/share/texmf/tex/latex/hyperref/hyperref.sty
Package: hyperref 2002/08/04 v6.72v Hypertext links for LaTeX
\@linkdim=\dimen120
\Hy@linkcounter=\count102
\Hy@pagecounter=\count103

(/usr/share/texmf/tex/latex/hyperref/pd1enc.def
File: pd1enc.def 2002/08/04 v6.72v Hyperref: PDFDocEncoding definition (HO)
)
(/home/radu/tex/SemDemo/hyperref.cfg)
Package hyperref Info: Option `hyperindex' set `true' on input line 1739.
Package hyperref Info: Option `linktocpage' set `true' on input line 1739.
Package hyperref Info: Option `colorlinks' set `true' on input line 1739.
Package hyperref Info: Option `bookmarks' set `true' on input line 1739.
Package hyperref Info: Bookmarks ON on input line 1797.
Package hyperref Info: Hyper figures OFF on input line 1816.
Package hyperref Info: Link nesting OFF on input line 1821.
Package hyperref Info: Hyper index ON on input line 1824.
Package hyperref Info: Plain pages ON on input line 1829.
Package hyperref Info: Backreferencing OFF on input line 1836.

Implicit mode ON; LaTeX internals redefined
(/usr/share/texmf/tex/latex/html/url.sty
Package: url 1999/03/02  ver 1.4  Verb mode for urls, email addresses, and file
 names
)
LaTeX Info: Redefining \url on input line 2048.
\Fld@menulength=\count104
\Field@Width=\dimen121
\Fld@charsize=\dimen122
\Choice@toks=\toks16
\Field@toks=\toks17
Package hyperref Info: Hyper figures OFF on input line 2506.
Package hyperref Info: Link nesting OFF on input line 2511.
Package hyperref Info: Hyper index ON on input line 2514.
Package hyperref Info: backreferencing OFF on input line 2521.
Package hyperref Info: Link coloring ON on input line 2524.
\c@Item=\count105
\c@Hfootnote=\count106
)
*hyperref using driver hdvips*
(/usr/share/texmf/tex/latex/hyperref/hdvips.def
File: hdvips.def 2002/08/04 v6.72v Hyperref driver for dvips

(/usr/share/texmf/tex/latex/hyperref/pdfmark.def
File: pdfmark.def 2002/08/04 v6.72v Hyperref definitions for pdfmark specials
\pdf@docset=\toks18
\pdf@box=\box29
\pdf@toks=\toks19
\pdf@defaulttoks=\toks20
\Fld@listcount=\count107
\@outlinefile=\write3
))
\@indexfile=\write4
\openout4 = `sundialsTB.idx'.


Writing index file sundialsTB.idx
(sundialsTB.aux

LaTeX Warning: Label `p:CVodeMonitor' multiply defined.


LaTeX Warning: Label `p:IDAMonitor' multiply defined.

(references.aux))
\openout1 = `sundialsTB.aux'.

LaTeX Font Info:    Checking defaults for OML/cmm/m/it on input line 131.
LaTeX Font Info:    ... okay on input line 131.
LaTeX Font Info:    Checking defaults for T1/cmr/m/n on input line 131.
LaTeX Font Info:    ... okay on input line 131.
LaTeX Font Info:    Checking defaults for OT1/cmr/m/n on input line 131.
LaTeX Font Info:    ... okay on input line 131.
LaTeX Font Info:    Checking defaults for OMS/cmsy/m/n on input line 131.
LaTeX Font Info:    ... okay on input line 131.
LaTeX Font Info:    Checking defaults for OMX/cmex/m/n on input line 131.
LaTeX Font Info:    ... okay on input line 131.
LaTeX Font Info:    Checking defaults for U/cmr/m/n on input line 131.
LaTeX Font Info:    ... okay on input line 131.
LaTeX Font Info:    Checking defaults for PD1/pdf/m/n on input line 131.
LaTeX Font Info:    ... okay on input line 131.
Package hyperref Info: Link coloring ON on input line 131.
 (/usr/share/texmf/tex/latex/hyperref/nameref.sty
Package: nameref 2001/01/27 v2.19 Cross-referencing by name of section
\c@section@level=\count108
)
LaTeX Info: Redefining \ref on input line 131.
LaTeX Info: Redefining \pageref on input line 131.

(sundialsTB.out) (sundialsTB.out)
\openout3 = `sundialsTB.out'.

LaTeX Font Info:    External font `cmex10' loaded for size
(Font)              <12> on input line 135.
LaTeX Font Info:    External font `cmex10' loaded for size
(Font)              <8> on input line 135.
LaTeX Font Info:    External font `cmex10' loaded for size
(Font)              <6> on input line 135.
File: doc_logo.eps Graphic file (type eps)
 <doc_logo.eps> [1

] [1] (sundialsTB.toc
LaTeX Font Info:    External font `cmex10' loaded for size
(Font)              <7> on input line 3.
LaTeX Font Info:    External font `cmex10' loaded for size
(Font)              <5> on input line 3.
)
\tf@toc=\write5
\openout5 = `sundialsTB.toc'.


[2

] [1

]) (cvodes_top.tex [2]

Package hyperref Warning: Token not allowed in a PDFDocEncoded string,
(hyperref)                removing `\<def>-command' on input line 2.


Package hyperref Warning: Token not allowed in a PDFDocEncoded string,
(hyperref)                removing `\f@encoding' on input line 2.


Package hyperref Warning: Token not allowed in a PDFDocEncoded string,
(hyperref)                removing `\<let>-command' on input line 2.


Package hyperref Warning: Token not allowed in a PDFDocEncoded string,
(hyperref)                removing `\<def>-command' on input line 2.


Package hyperref Warning: Token not allowed in a PDFDocEncoded string,
(hyperref)                removing `\f@family' on input line 2.


Package hyperref Warning: Token not allowed in a PDFDocEncoded string,
(hyperref)                removing `\<def>-command' on input line 2.


Package hyperref Warning: Token not allowed in a PDFDocEncoded string,
(hyperref)                removing `\f@series' on input line 2.


Package hyperref Warning: Token not allowed in a PDFDocEncoded string,
(hyperref)                removing `\<def>-command' on input line 2.


Package hyperref Warning: Token not allowed in a PDFDocEncoded string,
(hyperref)                removing `\f@shape' on input line 2.


Package hyperref Warning: Token not allowed in a PDFDocEncoded string,
(hyperref)                removing `\<def>-command' on input line 2.


Package hyperref Warning: Token not allowed in a PDFDocEncoded string,
(hyperref)                removing `\font@name' on input line 2.


Package hyperref Warning: Token not allowed in a PDFDocEncoded string,
(hyperref)                removing `\OT1/cmr/m/sc/14.4' on input line 2.


Package hyperref Warning: Token not allowed in a PDFDocEncoded string,
(hyperref)                removing `\ignorespaces' on input line 2.


Package hyperref Warning: Token not allowed in a PDFDocEncoded string,
(hyperref)                removing `\<def>-command' on input line 2.


Package hyperref Warning: Token not allowed in a PDFDocEncoded string,
(hyperref)                removing `\f@shape' on input line 2.


Package hyperref Warning: Token not allowed in a PDFDocEncoded string,
(hyperref)                removing `\<def>-command' on input line 2.


Package hyperref Warning: Token not allowed in a PDFDocEncoded string,
(hyperref)                removing `\font@name' on input line 2.


Package hyperref Warning: Token not allowed in a PDFDocEncoded string,
(hyperref)                removing `\OT1/cmr/m/sc/14.4' on input line 2.


Package hyperref Warning: Token not allowed in a PDFDocEncoded string,
(hyperref)                removing `\<def>-command' on input line 2.


Package hyperref Warning: Token not allowed in a PDFDocEncoded string,
(hyperref)                removing `\f@encoding' on input line 2.


Package hyperref Warning: Token not allowed in a PDFDocEncoded string,
(hyperref)                removing `\<let>-command' on input line 2.


Package hyperref Warning: Token not allowed in a PDFDocEncoded string,
(hyperref)                removing `\<def>-command' on input line 2.


Package hyperref Warning: Token not allowed in a PDFDocEncoded string,
(hyperref)                removing `\f@family' on input line 2.


Package hyperref Warning: Token not allowed in a PDFDocEncoded string,
(hyperref)                removing `\<def>-command' on input line 2.


Package hyperref Warning: Token not allowed in a PDFDocEncoded string,
(hyperref)                removing `\f@series' on input line 2.


Package hyperref Warning: Token not allowed in a PDFDocEncoded string,
(hyperref)                removing `\<def>-command' on input line 2.


Package hyperref Warning: Token not allowed in a PDFDocEncoded string,
(hyperref)                removing `\f@shape' on input line 2.


Package hyperref Warning: Token not allowed in a PDFDocEncoded string,
(hyperref)                removing `\<def>-command' on input line 2.


Package hyperref Warning: Token not allowed in a PDFDocEncoded string,
(hyperref)                removing `\font@name' on input line 2.


Package hyperref Warning: Token not allowed in a PDFDocEncoded string,
(hyperref)                removing `\OT1/cmr/m/sc/14.4' on input line 2.


Package hyperref Warning: Token not allowed in a PDFDocEncoded string,
(hyperref)                removing `\ignorespaces' on input line 2.


Package hyperref Warning: Token not allowed in a PDFDocEncoded string,
(hyperref)                removing `\<def>-command' on input line 2.


Package hyperref Warning: Token not allowed in a PDFDocEncoded string,
(hyperref)                removing `\f@shape' on input line 2.


Package hyperref Warning: Token not allowed in a PDFDocEncoded string,
(hyperref)                removing `\<def>-command' on input line 2.


Package hyperref Warning: Token not allowed in a PDFDocEncoded string,
(hyperref)                removing `\font@name' on input line 2.


Package hyperref Warning: Token not allowed in a PDFDocEncoded string,
(hyperref)                removing `\OT1/cmr/m/sc/14.4' on input line 2.


Overfull \hbox (0.95903pt too wide) in paragraph at lines 88--116
 [][] 
 []


LaTeX Warning: `h' float specifier changed to `ht'.


LaTeX Warning: `h' float specifier changed to `ht'.

) [3] (cvodes/CVodeSetOptions.tex [4] [5] [6]
Overfull \hbox (0.14873pt too wide) in paragraph at lines 181--181
[]   \OT1/cmtt/m/n/10 be of type CVGlocFn or CVGlocFnB for forward and backward
 problems, respectively.[] 
 []

[7] [8]) (cvodes/CVodeQuadSetOptions.tex
Overfull \hbox (21.14854pt too wide) in paragraph at lines 17--17
[]\OT1/cmtt/m/n/10 CVodeQuadSetOptions creates an options structure for quadrat
ure integration with CVODES.[] 
 []


Overfull \hbox (21.14854pt too wide) in paragraph at lines 40--40
[]\OT1/cmtt/m/n/10 CVodeQuadSetOptions creates an options structure for quadrat
ure integration with CVODES.[] 
 []

) (cvodes/CVodeSensSetOptions.tex [9]
Overfull \hbox (21.14854pt too wide) in paragraph at lines 68--68
[]   \OT1/cmtt/m/n/10 the 'UserData' field with CVodeSetOptions) in which the n
ominal values of the problem[] 
 []

[10]
Overfull \hbox (31.64845pt too wide) in paragraph at lines 106--106
[]   \OT1/cmtt/m/n/10 right-hand side). The default value 0.0 indicates the use
 of simultaenous approximation[] 
 []

) (cvodes/CVodeInit.tex [11]) (cvodes/CVodeQuadInit.tex)
(cvodes/CVodeSensInit.tex) (cvodes/CVodeAdjInit.tex [12])
(cvodes/CVodeInitB.tex) (cvodes/CVodeQuadInitB.tex
Overfull \hbox (0.14873pt too wide) in paragraph at lines 17--17
[]\OT1/cmtt/m/n/10 CVodeQuadInitB allocates and initializes memory for backward
 quadrature integration.[] 
 []

[13]
Overfull \hbox (0.14873pt too wide) in paragraph at lines 40--40
[]\OT1/cmtt/m/n/10 CVodeQuadInitB allocates and initializes memory for backward
 quadrature integration.[] 
 []

) (cvodes/CVodeReInit.tex) (cvodes/CVodeQuadReInit.tex [14])
(cvodes/CVodeSensReInit.tex) (cvodes/CVodeAdjReInit.tex [15])
(cvodes/CVodeReInitB.tex) (cvodes/CVodeQuadReInitB.tex [16]) (cvodes/CVode.tex
Overfull \hbox (0.14873pt too wide) in paragraph at lines 64--64
[]   \OT1/cmtt/m/n/10 the output arguments Y and YQ are matrices, each column r
epresenting the solution[] 
 []


Overfull \hbox (15.89859pt too wide) in paragraph at lines 66--66
[]   \OT1/cmtt/m/n/10 sensitivities are eturned in the 3-dimensional array YS, 
with YS(:,:,I) representing[] 
 []

[17]) (cvodes/CVodeB.tex
Overfull \hbox (10.64864pt too wide) in paragraph at lines 58--58
[]   \OT1/cmtt/m/n/10 the output arguments YB and YQB are matrices, each column
 representing the solution[] 
 []

) (cvodes/CVodeSensToggleOff.tex [18]) (cvodes/CVodeGetStats.tex [19])
(cvodes/CVodeGetStatsB.tex [20] [21]) (cvodes/CVodeGet.tex
Overfull \hbox (0.14873pt too wide) in paragraph at lines 55--55
[]    \OT1/cmtt/m/n/10 o CheckPointsInfo - Returns an array of structures with 
check point information.[] 
 []

) (cvodes/CVodeSet.tex [22]) (cvodes/CVodeSetB.tex [23]) (cvodes/CVodeFree.tex)
(cvodes/CVodeMonitor.tex [24]
Overfull \hbox (0.14873pt too wide) in paragraph at lines 68--68
[]         \OT1/cmtt/m/n/10 the field select. If not defined, but sol=true, all
 components are plotted.[] 
 []

(cvodes/CVodeMonitorsrc.tex
LaTeX Font Info:    Try loading font information for OML+cmr on input line 47.
 (/usr/share/texmf/tex/latex/base/omlcmr.fd
File: omlcmr.fd 1999/05/25 v2.5h Standard LaTeX font definitions
)
LaTeX Font Info:    Font shape `OML/cmr/m/n' in size <10> not available
(Font)              Font shape `OML/cmm/m/it' tried instead on input line 47.

[25]
LaTeX Font Info:    Try loading font information for OMS+cmr on input line 66.
 (/usr/share/texmf/tex/latex/base/omscmr.fd
File: omscmr.fd 1999/05/25 v2.5h Standard LaTeX font definitions
)
LaTeX Font Info:    Font shape `OMS/cmr/m/n' in size <10> not available
(Font)              Font shape `OMS/cmsy/m/n' tried instead on input line 66.
 [26] [27] [28] [29]
Overfull \hbox (3.15709pt too wide) in paragraph at lines 311--313
[][][][][][][][][][][][] 
 []

[30]
Overfull \hbox (3.15709pt too wide) in paragraph at lines 374--376
[][][][][][][][][][][][] 
 []

[31]
Overfull \hbox (3.15709pt too wide) in paragraph at lines 438--440
[][][][][][][][][][][][] 
 []

[32]
Overfull \hbox (3.15709pt too wide) in paragraph at lines 484--486
[][][][][][][][][][][][] 
 []

[33]
Overfull \hbox (3.15709pt too wide) in paragraph at lines 516--518
[][][][][][][][][][][][] 
 []

[34]
Overfull \hbox (27.15733pt too wide) in paragraph at lines 557--558
[][][][][][][][][][][][][][][][][][][][][][][][][][][][][][][][][][][][][][][][
][][][][][][][][][][][][][][][][][][][][][][][][][][][][][][][][][][][][][][][]
[][][][][][][][][][][][][][][][][][][][][][][][][][][][][][][][][][][][][][][][
][][][][][][][][][][][][][][][][][][][][][][][][][][][] 
 []


Overfull \hbox (3.15709pt too wide) in paragraph at lines 593--595
[][][][][][][][][][][][] 
 []

[35]
Overfull \hbox (3.15709pt too wide) in paragraph at lines 616--618
[][][][][][][][][][][][] 
 []

[36]
Overfull \hbox (3.15709pt too wide) in paragraph at lines 693--695
[][][][][][][][][][][][] 
 []

[37]
Overfull \hbox (3.15709pt too wide) in paragraph at lines 741--743
[][][][][][][][][][][][] 
 []

[38])) (cvodes/CVodeMonitorB.tex [39]
Overfull \hbox (0.14873pt too wide) in paragraph at lines 66--66
[]         \OT1/cmtt/m/n/10 the field select. If not defined, but sol=true, all
 components are plotted.[] 
 []

) [40] (cvodes/function_types/CVBandJacFn.tex)
(cvodes/function_types/CVDenseJacFn.tex [41])
(cvodes/function_types/CVGcommFn.tex [42])
(cvodes/function_types/CVGlocalFn.tex) (cvodes/function_types/CVMonitorFn.tex
[43]) (cvodes/function_types/CVQuadRhsFn.tex [44])
(cvodes/function_types/CVRhsFn.tex) (cvodes/function_types/CVRootFn.tex
[45]) (cvodes/function_types/CVSensRhsFn.tex [46])
(cvodes/function_types/CVJacTimesVecFn.tex)
(cvodes/function_types/CVPrecSetupFn.tex [47] [48])
(cvodes/function_types/CVPrecSolveFn.tex [49])
(cvodes/function_types/CVBandJacFnB.tex
Overfull \hbox (5.39868pt too wide) in paragraph at lines 17--17
[]\OT1/cmtt/m/n/10 CVBandJacFnB - type for user provided banded Jacobian functi
on for backward problems.[] 
 []


Overfull \hbox (5.39868pt too wide) in paragraph at lines 40--40
[]\OT1/cmtt/m/n/10 CVBandJacFnB - type for user provided banded Jacobian functi
on for backward problems.[] 
 []

) (cvodes/function_types/CVDenseJacFnB.tex
Overfull \hbox (5.39868pt too wide) in paragraph at lines 17--17
[]\OT1/cmtt/m/n/10 CVDenseJacFnB - type for user provided dense Jacobian functi
on for backward problems.[] 
 []


Overfull \hbox (5.39868pt too wide) in paragraph at lines 40--40
[]\OT1/cmtt/m/n/10 CVDenseJacFnB - type for user provided dense Jacobian functi
on for backward problems.[] 
 []

[50]) (cvodes/function_types/CVGcommFnB.tex
Overfull \hbox (26.3985pt too wide) in paragraph at lines 17--17
[]\OT1/cmtt/m/n/10 CVGcommFn - type for user provided communication function (B
BDPre) for backward problems.[] 
 []


Overfull \hbox (26.3985pt too wide) in paragraph at lines 40--40
[]\OT1/cmtt/m/n/10 CVGcommFn - type for user provided communication function (B
BDPre) for backward problems.[] 
 []

[51]) (cvodes/function_types/CVGlocalFnB.tex
Overfull \hbox (57.89822pt too wide) in paragraph at lines 17--17
[]\OT1/cmtt/m/n/10 CVGlocalFnB - type for user provided RHS approximation funct
ion (BBDPre) for backward problems.[] 
 []


Overfull \hbox (57.89822pt too wide) in paragraph at lines 40--40
[]\OT1/cmtt/m/n/10 CVGlocalFnB - type for user provided RHS approximation funct
ion (BBDPre) for backward problems.[] 
 []

) (cvodes/function_types/CVMonitorFnB.tex [52])
(cvodes/function_types/CVQuadRhsFnB.tex [53])
(cvodes/function_types/CVRhsFnB.tex)
(cvodes/function_types/CVJacTimesVecFnB.tex
Overfull \hbox (57.89822pt too wide) in paragraph at lines 17--17
[]\OT1/cmtt/m/n/10 CVJacTimesVecFnB - type for user provided Jacobian times vec
tor function for backward problems.[] 
 []


Overfull \hbox (57.89822pt too wide) in paragraph at lines 40--40
[]\OT1/cmtt/m/n/10 CVJacTimesVecFnB - type for user provided Jacobian times vec
tor function for backward problems.[] 
 []

[54]) (cvodes/function_types/CVPrecSetupFnB.tex
Overfull \hbox (42.14836pt too wide) in paragraph at lines 17--17
[]\OT1/cmtt/m/n/10 CVPrecSetupFnB - type for user provided preconditioner setup
 function for backward problems.[] 
 []


Overfull \hbox (42.14836pt too wide) in paragraph at lines 40--40
[]\OT1/cmtt/m/n/10 CVPrecSetupFnB - type for user provided preconditioner setup
 function for backward problems.[] 
 []

[55]) (cvodes/function_types/CVPrecSolveFnB.tex
Overfull \hbox (42.14836pt too wide) in paragraph at lines 17--17
[]\OT1/cmtt/m/n/10 CVPrecSolveFnB - type for user provided preconditioner solve
 function for backward problems.[] 
 []


Overfull \hbox (42.14836pt too wide) in paragraph at lines 40--40
[]\OT1/cmtt/m/n/10 CVPrecSolveFnB - type for user provided preconditioner solve
 function for backward problems.[] 
 []

) (idas_top.tex [56]

Package hyperref Warning: Token not allowed in a PDFDocEncoded string,
(hyperref)                removing `\<def>-command' on input line 2.


Package hyperref Warning: Token not allowed in a PDFDocEncoded string,
(hyperref)                removing `\f@encoding' on input line 2.


Package hyperref Warning: Token not allowed in a PDFDocEncoded string,
(hyperref)                removing `\<let>-command' on input line 2.


Package hyperref Warning: Token not allowed in a PDFDocEncoded string,
(hyperref)                removing `\<def>-command' on input line 2.


Package hyperref Warning: Token not allowed in a PDFDocEncoded string,
(hyperref)                removing `\f@family' on input line 2.


Package hyperref Warning: Token not allowed in a PDFDocEncoded string,
(hyperref)                removing `\<def>-command' on input line 2.


Package hyperref Warning: Token not allowed in a PDFDocEncoded string,
(hyperref)                removing `\f@series' on input line 2.


Package hyperref Warning: Token not allowed in a PDFDocEncoded string,
(hyperref)                removing `\<def>-command' on input line 2.


Package hyperref Warning: Token not allowed in a PDFDocEncoded string,
(hyperref)                removing `\f@shape' on input line 2.


Package hyperref Warning: Token not allowed in a PDFDocEncoded string,
(hyperref)                removing `\<def>-command' on input line 2.


Package hyperref Warning: Token not allowed in a PDFDocEncoded string,
(hyperref)                removing `\font@name' on input line 2.


Package hyperref Warning: Token not allowed in a PDFDocEncoded string,
(hyperref)                removing `\OT1/cmr/m/sc/14.4' on input line 2.


Package hyperref Warning: Token not allowed in a PDFDocEncoded string,
(hyperref)                removing `\ignorespaces' on input line 2.


Package hyperref Warning: Token not allowed in a PDFDocEncoded string,
(hyperref)                removing `\<def>-command' on input line 2.


Package hyperref Warning: Token not allowed in a PDFDocEncoded string,
(hyperref)                removing `\f@shape' on input line 2.


Package hyperref Warning: Token not allowed in a PDFDocEncoded string,
(hyperref)                removing `\<def>-command' on input line 2.


Package hyperref Warning: Token not allowed in a PDFDocEncoded string,
(hyperref)                removing `\font@name' on input line 2.


Package hyperref Warning: Token not allowed in a PDFDocEncoded string,
(hyperref)                removing `\OT1/cmr/m/sc/14.4' on input line 2.


Package hyperref Warning: Token not allowed in a PDFDocEncoded string,
(hyperref)                removing `\<def>-command' on input line 2.


Package hyperref Warning: Token not allowed in a PDFDocEncoded string,
(hyperref)                removing `\f@encoding' on input line 2.


Package hyperref Warning: Token not allowed in a PDFDocEncoded string,
(hyperref)                removing `\<let>-command' on input line 2.


Package hyperref Warning: Token not allowed in a PDFDocEncoded string,
(hyperref)                removing `\<def>-command' on input line 2.


Package hyperref Warning: Token not allowed in a PDFDocEncoded string,
(hyperref)                removing `\f@family' on input line 2.


Package hyperref Warning: Token not allowed in a PDFDocEncoded string,
(hyperref)                removing `\<def>-command' on input line 2.


Package hyperref Warning: Token not allowed in a PDFDocEncoded string,
(hyperref)                removing `\f@series' on input line 2.


Package hyperref Warning: Token not allowed in a PDFDocEncoded string,
(hyperref)                removing `\<def>-command' on input line 2.


Package hyperref Warning: Token not allowed in a PDFDocEncoded string,
(hyperref)                removing `\f@shape' on input line 2.


Package hyperref Warning: Token not allowed in a PDFDocEncoded string,
(hyperref)                removing `\<def>-command' on input line 2.


Package hyperref Warning: Token not allowed in a PDFDocEncoded string,
(hyperref)                removing `\font@name' on input line 2.


Package hyperref Warning: Token not allowed in a PDFDocEncoded string,
(hyperref)                removing `\OT1/cmr/m/sc/14.4' on input line 2.


Package hyperref Warning: Token not allowed in a PDFDocEncoded string,
(hyperref)                removing `\ignorespaces' on input line 2.


Package hyperref Warning: Token not allowed in a PDFDocEncoded string,
(hyperref)                removing `\<def>-command' on input line 2.


Package hyperref Warning: Token not allowed in a PDFDocEncoded string,
(hyperref)                removing `\f@shape' on input line 2.


Package hyperref Warning: Token not allowed in a PDFDocEncoded string,
(hyperref)                removing `\<def>-command' on input line 2.


Package hyperref Warning: Token not allowed in a PDFDocEncoded string,
(hyperref)                removing `\font@name' on input line 2.


Package hyperref Warning: Token not allowed in a PDFDocEncoded string,
(hyperref)                removing `\OT1/cmr/m/sc/14.4' on input line 2.


LaTeX Warning: Reference `t:idas_fct' on page 57 undefined on input line 11.


LaTeX Warning: Reference `p:IDASensToggleOff' on page 57 undefined on input lin
e 68.


LaTeX Warning: `h' float specifier changed to `ht'.


LaTeX Warning: Reference `p:IDARhsFn' on page 57 undefined on input line 135.


LaTeX Warning: Reference `p:IDAQuadRhsFn' on page 57 undefined on input line 13
7.


LaTeX Warning: Reference `p:IDASensRhsFn' on page 57 undefined on input line 13
8.


LaTeX Warning: Reference `p:IDARhsFnB' on page 57 undefined on input line 149.


LaTeX Warning: `h' float specifier changed to `ht'.

) [57] (idas/IDASetOptions.tex [58] [59] [60] [61]) (idas/IDAQuadSetOptions.tex
[62]) (idas/IDASensSetOptions.tex [63]
Overfull \hbox (10.64864pt too wide) in paragraph at lines 68--68
[]   \OT1/cmtt/m/n/10 the 'UserData' field with IDASetOptions) in which the nom
inal values of the problem[] 
 []


Overfull \hbox (31.64845pt too wide) in paragraph at lines 106--106
[]   \OT1/cmtt/m/n/10 right-hand side). The default value 0.0 indicates the use
 of simultaenous approximation[] 
 []

[64]) (idas/IDAInit.tex) (idas/IDAQuadInit.tex) (idas/IDASensInit.tex [65])
(idas/IDAAdjInit.tex) (idas/IDAInitB.tex [66]) (idas/IDAQuadInitB.tex)
(idas/IDAReInit.tex [67]) (idas/IDAQuadReInit.tex) (idas/IDASensReInit.tex
[68]) (idas/IDAAdjReInit.tex) (idas/IDAReInitB.tex [69])
(idas/IDAQuadReInitB.tex) (idas/IDACalcIC.tex [70] [71]) (idas/IDACalcICB.tex)
(idas/IDASolve.tex
Overfull \hbox (0.14873pt too wide) in paragraph at lines 64--64
[]   \OT1/cmtt/m/n/10 the output arguments Y and YQ are matrices, each column r
epresenting the solution[] 
 []


Overfull \hbox (15.89859pt too wide) in paragraph at lines 66--66
[]   \OT1/cmtt/m/n/10 sensitivities are eturned in the 3-dimensional array YS, 
with YS(:,:,I) representing[] 
 []

[72]) (idas/IDASolveB.tex [73]
Overfull \hbox (10.64864pt too wide) in paragraph at lines 58--58
[]   \OT1/cmtt/m/n/10 the output arguments YB and YQB are matrices, each column
 representing the solution[] 
 []

) (idas/IDAGetStats.tex [74] [75]) (idas/IDAGetStatsB.tex [76])
(idas/IDAGet.tex
Overfull \hbox (0.14873pt too wide) in paragraph at lines 55--55
[]    \OT1/cmtt/m/n/10 o CheckPointsInfo - Returns an array of structures with 
check point information.[] 
 []

) (idas/IDASet.tex [77]) (idas/IDASetB.tex [78]) (idas/IDAFree.tex)
(idas/IDAMonitor.tex [79]
Overfull \hbox (0.14873pt too wide) in paragraph at lines 68--68
[]         \OT1/cmtt/m/n/10 the field select. If not defined, but sol=true, all
 components are plotted.[] 
 []

(idas/IDAMonitorsrc.tex [80] [81] [82] [83] [84]
Overfull \hbox (3.15709pt too wide) in paragraph at lines 311--313
[][][][][][][][][][][][] 
 []

[85]
Overfull \hbox (3.15709pt too wide) in paragraph at lines 374--376
[][][][][][][][][][][][] 
 []

[86]
Overfull \hbox (3.15709pt too wide) in paragraph at lines 438--440
[][][][][][][][][][][][] 
 []

[87]
Overfull \hbox (3.15709pt too wide) in paragraph at lines 484--486
[][][][][][][][][][][][] 
 []

[88]
Overfull \hbox (3.15709pt too wide) in paragraph at lines 516--518
[][][][][][][][][][][][] 
 []

[89]
Overfull \hbox (27.15733pt too wide) in paragraph at lines 557--558
[][][][][][][][][][][][][][][][][][][][][][][][][][][][][][][][][][][][][][][][
][][][][][][][][][][][][][][][][][][][][][][][][][][][][][][][][][][][][][][][]
[][][][][][][][][][][][][][][][][][][][][][][][][][][][][][][][][][][][][][][][
][][][][][][][][][][][][][][][][][][][][][][][][][][][] 
 []


Overfull \hbox (3.15709pt too wide) in paragraph at lines 593--595
[][][][][][][][][][][][] 
 []

[90]
Overfull \hbox (3.15709pt too wide) in paragraph at lines 616--618
[][][][][][][][][][][][] 
 []

[91]
Overfull \hbox (3.15709pt too wide) in paragraph at lines 693--695
[][][][][][][][][][][][] 
 []

[92]
Overfull \hbox (3.15709pt too wide) in paragraph at lines 741--743
[][][][][][][][][][][][] 
 []

[93])) (idas/IDAMonitorB.tex [94]
Overfull \hbox (0.14873pt too wide) in paragraph at lines 66--66
[]         \OT1/cmtt/m/n/10 the field select. If not defined, but sol=true, all
 components are plotted.[] 
 []

) [95] (idas/function_types/IDABandJacFn.tex)
(idas/function_types/IDADenseJacFn.tex [96])
(idas/function_types/IDAGcommFn.tex [97]) (idas/function_types/IDAGlocalFn.tex)
(idas/function_types/IDAMonitorFn.tex [98] [99])
(idas/function_types/IDAResFn.tex) (idas/function_types/IDARootFn.tex [100])
(idas/function_types/IDAJacTimesVecFn.tex [101])
(idas/function_types/IDAPrecSetupFn.tex [102])
(idas/function_types/IDAPrecSolveFn.tex [103])
(idas/function_types/IDASensResFn.tex) (idas/function_types/IDABandJacFnB.tex
[104]) (idas/function_types/IDADenseJacFnB.tex [105])
(idas/function_types/IDAGcommFnB.tex) (idas/function_types/IDAGlocalFnB.tex
[106]) (idas/function_types/IDAMonitorFnB.tex [107])
(idas/function_types/IDAQuadRhsFnB.tex) (idas/function_types/IDAResFnB.tex
[108]) (idas/function_types/IDAJacTimesVecFnB.tex)
(idas/function_types/IDAPrecSetupFnB.tex [109])
(idas/function_types/IDAPrecSolveFnB.tex) (kinsol_top.tex [110]

Package hyperref Warning: Token not allowed in a PDFDocEncoded string,
(hyperref)                removing `\<def>-command' on input line 2.


Package hyperref Warning: Token not allowed in a PDFDocEncoded string,
(hyperref)                removing `\f@encoding' on input line 2.


Package hyperref Warning: Token not allowed in a PDFDocEncoded string,
(hyperref)                removing `\<let>-command' on input line 2.


Package hyperref Warning: Token not allowed in a PDFDocEncoded string,
(hyperref)                removing `\<def>-command' on input line 2.


Package hyperref Warning: Token not allowed in a PDFDocEncoded string,
(hyperref)                removing `\f@family' on input line 2.


Package hyperref Warning: Token not allowed in a PDFDocEncoded string,
(hyperref)                removing `\<def>-command' on input line 2.


Package hyperref Warning: Token not allowed in a PDFDocEncoded string,
(hyperref)                removing `\f@series' on input line 2.


Package hyperref Warning: Token not allowed in a PDFDocEncoded string,
(hyperref)                removing `\<def>-command' on input line 2.


Package hyperref Warning: Token not allowed in a PDFDocEncoded string,
(hyperref)                removing `\f@shape' on input line 2.


Package hyperref Warning: Token not allowed in a PDFDocEncoded string,
(hyperref)                removing `\<def>-command' on input line 2.


Package hyperref Warning: Token not allowed in a PDFDocEncoded string,
(hyperref)                removing `\font@name' on input line 2.


Package hyperref Warning: Token not allowed in a PDFDocEncoded string,
(hyperref)                removing `\OT1/cmr/m/sc/14.4' on input line 2.


Package hyperref Warning: Token not allowed in a PDFDocEncoded string,
(hyperref)                removing `\ignorespaces' on input line 2.


Package hyperref Warning: Token not allowed in a PDFDocEncoded string,
(hyperref)                removing `\<def>-command' on input line 2.


Package hyperref Warning: Token not allowed in a PDFDocEncoded string,
(hyperref)                removing `\f@shape' on input line 2.


Package hyperref Warning: Token not allowed in a PDFDocEncoded string,
(hyperref)                removing `\<def>-command' on input line 2.


Package hyperref Warning: Token not allowed in a PDFDocEncoded string,
(hyperref)                removing `\font@name' on input line 2.


Package hyperref Warning: Token not allowed in a PDFDocEncoded string,
(hyperref)                removing `\OT1/cmr/m/sc/14.4' on input line 2.


Package hyperref Warning: Token not allowed in a PDFDocEncoded string,
(hyperref)                removing `\<def>-command' on input line 2.


Package hyperref Warning: Token not allowed in a PDFDocEncoded string,
(hyperref)                removing `\f@encoding' on input line 2.


Package hyperref Warning: Token not allowed in a PDFDocEncoded string,
(hyperref)                removing `\<let>-command' on input line 2.


Package hyperref Warning: Token not allowed in a PDFDocEncoded string,
(hyperref)                removing `\<def>-command' on input line 2.


Package hyperref Warning: Token not allowed in a PDFDocEncoded string,
(hyperref)                removing `\f@family' on input line 2.


Package hyperref Warning: Token not allowed in a PDFDocEncoded string,
(hyperref)                removing `\<def>-command' on input line 2.


Package hyperref Warning: Token not allowed in a PDFDocEncoded string,
(hyperref)                removing `\f@series' on input line 2.


Package hyperref Warning: Token not allowed in a PDFDocEncoded string,
(hyperref)                removing `\<def>-command' on input line 2.


Package hyperref Warning: Token not allowed in a PDFDocEncoded string,
(hyperref)                removing `\f@shape' on input line 2.


Package hyperref Warning: Token not allowed in a PDFDocEncoded string,
(hyperref)                removing `\<def>-command' on input line 2.


Package hyperref Warning: Token not allowed in a PDFDocEncoded string,
(hyperref)                removing `\font@name' on input line 2.


Package hyperref Warning: Token not allowed in a PDFDocEncoded string,
(hyperref)                removing `\OT1/cmr/m/sc/14.4' on input line 2.


Package hyperref Warning: Token not allowed in a PDFDocEncoded string,
(hyperref)                removing `\ignorespaces' on input line 2.


Package hyperref Warning: Token not allowed in a PDFDocEncoded string,
(hyperref)                removing `\<def>-command' on input line 2.


Package hyperref Warning: Token not allowed in a PDFDocEncoded string,
(hyperref)                removing `\f@shape' on input line 2.


Package hyperref Warning: Token not allowed in a PDFDocEncoded string,
(hyperref)                removing `\<def>-command' on input line 2.


Package hyperref Warning: Token not allowed in a PDFDocEncoded string,
(hyperref)                removing `\font@name' on input line 2.


Package hyperref Warning: Token not allowed in a PDFDocEncoded string,
(hyperref)                removing `\OT1/cmr/m/sc/14.4' on input line 2.

) [111] (kinsol/KINSetOptions.tex [112]
Overfull \hbox (0.14873pt too wide) in paragraph at lines 95--95
[]   \OT1/cmtt/m/n/10 of the linear solver convergence tolerance (used only if 
strategy='InexactNEwton'[] 
 []

[113] [114]) (kinsol/KINMalloc.tex) (kinsol/KINSol.tex [115])
(kinsol/KINGetStats.tex [116]) (kinsol/KINFree.tex) [117] [118]
(kinsol/function_types/KINDenseJacFn.tex)
(kinsol/function_types/KINBandJacFn.tex [119])
(kinsol/function_types/KINGcommFn.tex [120])
(kinsol/function_types/KINGlocalFn.tex)
(kinsol/function_types/KINJacTimesVecFn.tex [121])
(kinsol/function_types/KINPrecSetupFn.tex [122])
(kinsol/function_types/KINPrecSolveFn.tex [123])
(kinsol/function_types/KINSysFn.tex [124]) (other_top.tex [125]) [126]

Package hyperref Warning: Token not allowed in a PDFDocEncoded string,
(hyperref)                removing `\<def>-command' on input line 152.


Package hyperref Warning: Token not allowed in a PDFDocEncoded string,
(hyperref)                removing `\f@encoding' on input line 152.


Package hyperref Warning: Token not allowed in a PDFDocEncoded string,
(hyperref)                removing `\<let>-command' on input line 152.


Package hyperref Warning: Token not allowed in a PDFDocEncoded string,
(hyperref)                removing `\<def>-command' on input line 152.


Package hyperref Warning: Token not allowed in a PDFDocEncoded string,
(hyperref)                removing `\f@family' on input line 152.


Package hyperref Warning: Token not allowed in a PDFDocEncoded string,
(hyperref)                removing `\<def>-command' on input line 152.


Package hyperref Warning: Token not allowed in a PDFDocEncoded string,
(hyperref)                removing `\f@series' on input line 152.


Package hyperref Warning: Token not allowed in a PDFDocEncoded string,
(hyperref)                removing `\<def>-command' on input line 152.


Package hyperref Warning: Token not allowed in a PDFDocEncoded string,
(hyperref)                removing `\f@shape' on input line 152.


Package hyperref Warning: Token not allowed in a PDFDocEncoded string,
(hyperref)                removing `\<def>-command' on input line 152.


Package hyperref Warning: Token not allowed in a PDFDocEncoded string,
(hyperref)                removing `\font@name' on input line 152.


Package hyperref Warning: Token not allowed in a PDFDocEncoded string,
(hyperref)                removing `\OT1/cmr/m/sc/12' on input line 152.


Package hyperref Warning: Token not allowed in a PDFDocEncoded string,
(hyperref)                removing `\ignorespaces' on input line 152.


Package hyperref Warning: Token not allowed in a PDFDocEncoded string,
(hyperref)                removing `\<def>-command' on input line 152.


Package hyperref Warning: Token not allowed in a PDFDocEncoded string,
(hyperref)                removing `\f@shape' on input line 152.


Package hyperref Warning: Token not allowed in a PDFDocEncoded string,
(hyperref)                removing `\<def>-command' on input line 152.


Package hyperref Warning: Token not allowed in a PDFDocEncoded string,
(hyperref)                removing `\font@name' on input line 152.


Package hyperref Warning: Token not allowed in a PDFDocEncoded string,
(hyperref)                removing `\OT1/cmr/m/sc/12' on input line 152.

(nvector/N_VDotProd.tex (nvector/N_VDotProdsrc.tex)) (nvector/N_VL1Norm.tex
[127] (nvector/N_VL1Normsrc.tex)) (nvector/N_VMax.tex (nvector/N_VMaxsrc.tex
[128])) (nvector/N_VMaxNorm.tex (nvector/N_VMaxNormsrc.tex))
(nvector/N_VMin.tex [129] (nvector/N_VMinsrc.tex)) (nvector/N_VWL2Norm.tex
[130] (nvector/N_VWL2Normsrc.tex)) (nvector/N_VWrmsNorm.tex
(nvector/N_VWrmsNormsrc.tex [131])) [132] (putils/mpirun.tex)
(putils/mpiruns.tex) (putils/mpistart.tex [133]) [134] (cvodes/CVodeMonitor.tex

Overfull \hbox (0.14873pt too wide) in paragraph at lines 68--68
[]         \OT1/cmtt/m/n/10 the field select. If not defined, but sol=true, all
 components are plotted.[] 
 []

(cvodes/CVodeMonitorsrc.tex [135] [136] [137] [138] [139]
Overfull \hbox (3.15709pt too wide) in paragraph at lines 311--313
[][][][][][][][][][][][] 
 []

[140] [141]
Overfull \hbox (3.15709pt too wide) in paragraph at lines 374--376
[][][][][][][][][][][][] 
 []

[142]
Overfull \hbox (3.15709pt too wide) in paragraph at lines 438--440
[][][][][][][][][][][][] 
 []

[143]
Overfull \hbox (3.15709pt too wide) in paragraph at lines 484--486
[][][][][][][][][][][][] 
 []


Overfull \hbox (3.15709pt too wide) in paragraph at lines 516--518
[][][][][][][][][][][][] 
 []

[144]
Overfull \hbox (27.15733pt too wide) in paragraph at lines 557--558
[][][][][][][][][][][][][][][][][][][][][][][][][][][][][][][][][][][][][][][][
][][][][][][][][][][][][][][][][][][][][][][][][][][][][][][][][][][][][][][][]
[][][][][][][][][][][][][][][][][][][][][][][][][][][][][][][][][][][][][][][][
][][][][][][][][][][][][][][][][][][][][][][][][][][][] 
 []

[145]
Overfull \hbox (3.15709pt too wide) in paragraph at lines 593--595
[][][][][][][][][][][][] 
 []


Overfull \hbox (3.15709pt too wide) in paragraph at lines 616--618
[][][][][][][][][][][][] 
 []

[146] [147]
Overfull \hbox (3.15709pt too wide) in paragraph at lines 693--695
[][][][][][][][][][][][] 
 []


Overfull \hbox (3.15709pt too wide) in paragraph at lines 741--743
[][][][][][][][][][][][] 
 []

[148])) (idas/IDAMonitor.tex [149]
Overfull \hbox (0.14873pt too wide) in paragraph at lines 68--68
[]         \OT1/cmtt/m/n/10 the field select. If not defined, but sol=true, all
 components are plotted.[] 
 []

(idas/IDAMonitorsrc.tex [150] [151] [152] [153] [154]
Overfull \hbox (3.15709pt too wide) in paragraph at lines 311--313
[][][][][][][][][][][][] 
 []

[155] [156]
Overfull \hbox (3.15709pt too wide) in paragraph at lines 374--376
[][][][][][][][][][][][] 
 []

[157]
Overfull \hbox (3.15709pt too wide) in paragraph at lines 438--440
[][][][][][][][][][][][] 
 []

[158]
Overfull \hbox (3.15709pt too wide) in paragraph at lines 484--486
[][][][][][][][][][][][] 
 []


Overfull \hbox (3.15709pt too wide) in paragraph at lines 516--518
[][][][][][][][][][][][] 
 []

[159]
Overfull \hbox (27.15733pt too wide) in paragraph at lines 557--558
[][][][][][][][][][][][][][][][][][][][][][][][][][][][][][][][][][][][][][][][
][][][][][][][][][][][][][][][][][][][][][][][][][][][][][][][][][][][][][][][]
[][][][][][][][][][][][][][][][][][][][][][][][][][][][][][][][][][][][][][][][
][][][][][][][][][][][][][][][][][][][][][][][][][][][] 
 []

[160]
Overfull \hbox (3.15709pt too wide) in paragraph at lines 593--595
[][][][][][][][][][][][] 
 []


Overfull \hbox (3.15709pt too wide) in paragraph at lines 616--618
[][][][][][][][][][][][] 
 []

[161] [162]
Overfull \hbox (3.15709pt too wide) in paragraph at lines 693--695
[][][][][][][][][][][][] 
 []


Overfull \hbox (3.15709pt too wide) in paragraph at lines 741--743
[][][][][][][][][][][][] 
 []

[163])) [164]
\openout2 = `references.aux'.

 (references.tex (sundialsTB.bbl) [165


]) (sundialsTB.ind [166



]
[167

]) (sundialsTB.aux (references.aux))

LaTeX Warning: There were undefined references.


LaTeX Warning: There were multiply-defined labels.

 ) 
Here is how much of TeX's memory you used:
 5055 strings out of 20880
 68818 string characters out of 197306
 160774 words of memory out of 350001
 7695 multiletter control sequences out of 10000+15000
 10129 words of font info for 36 fonts, out of 400000 for 1000
 14 hyphenation exceptions out of 10000
 34i,13n,45p,577b,2192s stack positions out of 3000i,100n,1500p,50000b,4000s

Output written on sundialsTB.dvi (170 pages, 1585128 bytes).
