\BOOKMARK [1][-]{section.1}{Introduction}{}
\BOOKMARK [1][-]{section.2}{Installation}{}
\BOOKMARK [2][-]{subsection.2.1}{Compilation and installation of sundialsTB}{section.2}
\BOOKMARK [2][-]{subsection.2.2}{Configuring Matlab's startup}{section.2}
\BOOKMARK [2][-]{subsection.2.3}{Testing the installation}{section.2}
\BOOKMARK [1][-]{section.3}{matlab Interface to cvodes}{}
\BOOKMARK [2][-]{subsection.3.1}{Interface functions}{section.3}
\BOOKMARK [2][-]{subsection.3.2}{Function types}{section.3}
\BOOKMARK [1][-]{section.4}{matlab Interface to idas}{}
\BOOKMARK [2][-]{subsection.4.1}{Interface functions}{section.4}
\BOOKMARK [2][-]{subsection.4.2}{Function types}{section.4}
\BOOKMARK [1][-]{section.5}{matlab Interface to kinsol}{}
\BOOKMARK [2][-]{subsection.5.1}{Interface functions}{section.5}
\BOOKMARK [2][-]{subsection.5.2}{Function types}{section.5}
\BOOKMARK [1][-]{section.6}{Supporting modules}{}
\BOOKMARK [2][-]{subsection.6.1}{nvector functions}{section.6}
\BOOKMARK [2][-]{subsection.6.2}{Parallel utilities}{section.6}
\BOOKMARK [1][-]{section.A}{Implementation of CVodeMonitor.m}{}
\BOOKMARK [1][-]{section.B}{Implementation of IDAMonitor.m}{}
\BOOKMARK [1][-]{section*.123}{References}{}
\BOOKMARK [1][-]{section*.124}{Index}{}
